#
# There is insufficient memory for the Java Runtime Environment to continue.
# Native memory allocation (mmap) failed to map 32212254720 bytes for committing reserved memory.
# Possible reasons:
#   The system is out of physical RAM or swap space
#   The process is running with CompressedOops enabled, and the Java Heap may be blocking the growth of the native heap
# Possible solutions:
#   Reduce memory load on the system
#   Increase physical memory or swap space
#   Check if swap backing store is full
#   Decrease Java heap size (-Xmx/-Xms)
#   Decrease number of Java threads
#   Decrease Java thread stack sizes (-Xss)
#   Set larger code cache with -XX:ReservedCodeCacheSize=
# This output file may be truncated or incomplete.
#
#  Out of Memory Error (os_linux.cpp:3007), pid=1413, tid=1414
#
# JRE version:  (11.0.14+9) (build )
# Java VM: OpenJDK 64-Bit Server VM (11.0.14+9-Ubuntu-0ubuntu2.20.04, mixed mode, sharing, tiered, compressed oops, g1 gc, linux-amd64)
# Core dump will be written. Default location: Core dumps may be processed with "/usr/share/apport/apport %p %s %c %d %P %E" (or dumping to /home/cameron/Work/LinearOrdering.jl/graphs/core.1413)
#

---------------  S U M M A R Y ------------

Command Line: -Xmx30g -Xms30g -Xss1g tw.heuristic.MainDecomposer -s 42

Host: Intel(R) Core(TM) i5-8265U CPU @ 1.60GHz, 8 cores, 7G, Ubuntu 20.04.4 LTS
Time: Fri Mar 18 14:10:06 2022 EDT elapsed time: 0.039541 seconds (0d 0h 0m 0s)

---------------  T H R E A D  ---------------

Current thread (0x00007f70f0016800):  JavaThread "Unknown thread" [_thread_in_vm, id=1414, stack(0x00007f70f5e7e000,0x00007f7135e7f000)]

Stack: [0x00007f70f5e7e000,0x00007f7135e7f000],  sp=0x00007f7135e7d210,  free space=1048572k
Native frames: (J=compiled Java code, A=aot compiled Java code, j=interpreted, Vv=VM code, C=native code)
V  [libjvm.so+0xe93d09]
V  [libjvm.so+0xe94c81]
V  [libjvm.so+0x676cea]
V  [libjvm.so+0xbe1a80]
V  [libjvm.so+0xbd7fc1]
V  [libjvm.so+0x790982]
V  [libjvm.so+0x790d70]
V  [libjvm.so+0x79bfa7]
V  [libjvm.so+0x81d688]
V  [libjvm.so+0x81e2a8]
V  [libjvm.so+0x81e8de]
V  [libjvm.so+0x749c66]
V  [libjvm.so+0x74a372]
V  [libjvm.so+0xe53796]
V  [libjvm.so+0xe53a5a]
V  [libjvm.so+0x83cc6c]
V  [libjvm.so+0xe2ba5b]
V  [libjvm.so+0x8ee8c5]  JNI_CreateJavaVM+0x55
C  [libjli.so+0x4daf]
C  [libjli.so+0x9cdd]


---------------  P R O C E S S  ---------------

Threads class SMR info:
_java_thread_list=0x0000556d3d78a060, length=0, elements={
}

Java Threads: ( => current thread )

Other Threads:
  0x00007f70f002e800 GCTaskThread "GC Thread#0" [stack: 0x00007f70f5b3d000,0x00007f70f5c3d000] [id=1415]
  0x00007f70f006e000 ConcurrentGCThread "G1 Main Marker" [stack: 0x00007f70f504a000,0x00007f70f514a000] [id=1416]
  0x00007f70f006f800 ConcurrentGCThread "G1 Conc#0" [stack: 0x00007f70f4f48000,0x00007f70f5048000] [id=1417]

[error occurred during error reporting (printing all threads), id 0xb, SIGSEGV (0xb) at pc=0x00007f71369326a4]

VM state:not at safepoint (not fully initialized)

VM Mutex/Monitor currently owned by a thread:  ([mutex/lock_event])
[0x00007f70f0013c00] Heap_lock - owner thread: 0x00007f70f0016800

Heap address: 0x0000000080000000, size: 30720 MB, Compressed Oops mode: Non-zero based: 0x0000000080000000
Narrow klass base: 0x0000000000000000, Narrow klass shift: 0

GC Heap History (0 events):
No events

Deoptimization events (0 events):
No events

Classes redefined (0 events):
No events

Internal exceptions (0 events):
No events

Events (2 events):
Event: 0.001 Protecting memory [0x00007f70f5e7e000,0x00007f70f5e82000] with protection modes 0
Event: 0.002 Loaded shared library /usr/lib/jvm/java-11-openjdk-amd64/lib/libzip.so


Dynamic libraries:
556d3d071000-556d3d072000 r--p 00000000 103:02 15078591                  /usr/lib/jvm/java-11-openjdk-amd64/bin/java
556d3d072000-556d3d073000 r-xp 00001000 103:02 15078591                  /usr/lib/jvm/java-11-openjdk-amd64/bin/java
556d3d073000-556d3d074000 r--p 00002000 103:02 15078591                  /usr/lib/jvm/java-11-openjdk-amd64/bin/java
556d3d074000-556d3d075000 r--p 00002000 103:02 15078591                  /usr/lib/jvm/java-11-openjdk-amd64/bin/java
556d3d075000-556d3d076000 rw-p 00003000 103:02 15078591                  /usr/lib/jvm/java-11-openjdk-amd64/bin/java
556d3d772000-556d3d793000 rw-p 00000000 00:00 0                          [heap]
7f7080000000-7f7080021000 rw-p 00000000 00:00 0 
7f7080021000-7f7084000000 ---p 00000000 00:00 0 
7f7086000000-7f7088000000 rw-p 00000000 00:00 0 
7f7088000000-7f7088021000 rw-p 00000000 00:00 0 
7f7088021000-7f708c000000 ---p 00000000 00:00 0 
7f708cc00000-7f70d4000000 ---p 00000000 00:00 0 
7f70d4000000-7f70d4021000 rw-p 00000000 00:00 0 
7f70d4021000-7f70d8000000 ---p 00000000 00:00 0 
7f70d883d000-7f70d8aad000 rwxp 00000000 00:00 0 
7f70d8aad000-7f70d8dce000 ---p 00000000 00:00 0 
7f70d8dce000-7f70d903e000 rwxp 00000000 00:00 0 
7f70d903e000-7f70e0305000 ---p 00000000 00:00 0 
7f70e0305000-7f70e0575000 rwxp 00000000 00:00 0 
7f70e0575000-7f70e783d000 ---p 00000000 00:00 0 
7f70e783d000-7f70f0000000 r--s 00000000 103:02 15078676                  /usr/lib/jvm/java-11-openjdk-amd64/lib/modules
7f70f0000000-7f70f009b000 rw-p 00000000 00:00 0 
7f70f009b000-7f70f4000000 ---p 00000000 00:00 0 
7f70f473e000-7f70f4f46000 rw-p 00000000 00:00 0 
7f70f4f46000-7f70f4f47000 ---p 00000000 00:00 0 
7f70f4f47000-7f70f5048000 rw-p 00000000 00:00 0 
7f70f5048000-7f70f5049000 ---p 00000000 00:00 0 
7f70f5049000-7f70f5b3b000 rw-p 00000000 00:00 0 
7f70f5b3b000-7f70f5b3c000 ---p 00000000 00:00 0 
7f70f5b3c000-7f70f5c42000 rw-p 00000000 00:00 0 
7f70f5c42000-7f70f5d28000 ---p 00000000 00:00 0 
7f70f5d28000-7f70f5d2d000 rw-p 00000000 00:00 0 
7f70f5d2d000-7f70f5e13000 ---p 00000000 00:00 0 
7f70f5e13000-7f70f5e16000 r--p 00000000 103:02 14944456                  /usr/lib/x86_64-linux-gnu/libnss_files-2.31.so
7f70f5e16000-7f70f5e1d000 r-xp 00003000 103:02 14944456                  /usr/lib/x86_64-linux-gnu/libnss_files-2.31.so
7f70f5e1d000-7f70f5e1f000 r--p 0000a000 103:02 14944456                  /usr/lib/x86_64-linux-gnu/libnss_files-2.31.so
7f70f5e1f000-7f70f5e20000 r--p 0000b000 103:02 14944456                  /usr/lib/x86_64-linux-gnu/libnss_files-2.31.so
7f70f5e20000-7f70f5e21000 rw-p 0000c000 103:02 14944456                  /usr/lib/x86_64-linux-gnu/libnss_files-2.31.so
7f70f5e21000-7f70f5e2c000 rw-p 00000000 00:00 0 
7f70f5e2c000-7f70f5e33000 ---p 00000000 00:00 0 
7f70f5e33000-7f70f5e35000 r--p 00000000 103:02 15078675                  /usr/lib/jvm/java-11-openjdk-amd64/lib/libzip.so
7f70f5e35000-7f70f5e3a000 r-xp 00002000 103:02 15078675                  /usr/lib/jvm/java-11-openjdk-amd64/lib/libzip.so
7f70f5e3a000-7f70f5e3c000 r--p 00007000 103:02 15078675                  /usr/lib/jvm/java-11-openjdk-amd64/lib/libzip.so
7f70f5e3c000-7f70f5e3d000 r--p 00008000 103:02 15078675                  /usr/lib/jvm/java-11-openjdk-amd64/lib/libzip.so
7f70f5e3d000-7f70f5e3e000 rw-p 00009000 103:02 15078675                  /usr/lib/jvm/java-11-openjdk-amd64/lib/libzip.so
7f70f5e3e000-7f70f5e46000 rw-s 00000000 103:02 7340568                   /tmp/hsperfdata_cameron/1413
7f70f5e46000-7f70f5e54000 r--p 00000000 103:02 15078655                  /usr/lib/jvm/java-11-openjdk-amd64/lib/libjava.so
7f70f5e54000-7f70f5e6a000 r-xp 0000e000 103:02 15078655                  /usr/lib/jvm/java-11-openjdk-amd64/lib/libjava.so
7f70f5e6a000-7f70f5e71000 r--p 00024000 103:02 15078655                  /usr/lib/jvm/java-11-openjdk-amd64/lib/libjava.so
7f70f5e71000-7f70f5e72000 r--p 0002a000 103:02 15078655                  /usr/lib/jvm/java-11-openjdk-amd64/lib/libjava.so
7f70f5e72000-7f70f5e73000 rw-p 0002b000 103:02 15078655                  /usr/lib/jvm/java-11-openjdk-amd64/lib/libjava.so
7f70f5e73000-7f70f5e74000 rw-p 00000000 00:00 0 
7f70f5e74000-7f70f5e76000 r--p 00000000 103:02 14944463                  /usr/lib/x86_64-linux-gnu/librt-2.31.so
7f70f5e76000-7f70f5e7a000 r-xp 00002000 103:02 14944463                  /usr/lib/x86_64-linux-gnu/librt-2.31.so
7f70f5e7a000-7f70f5e7c000 r--p 00006000 103:02 14944463                  /usr/lib/x86_64-linux-gnu/librt-2.31.so
7f70f5e7c000-7f70f5e7d000 r--p 00007000 103:02 14944463                  /usr/lib/x86_64-linux-gnu/librt-2.31.so
7f70f5e7d000-7f70f5e7e000 rw-p 00008000 103:02 14944463                  /usr/lib/x86_64-linux-gnu/librt-2.31.so
7f70f5e7e000-7f70f5e82000 ---p 00000000 00:00 0 
7f70f5e82000-7f7135e7f000 rw-p 00000000 00:00 0 
7f7135e7f000-7f7135e82000 r--p 00000000 103:02 14950225                  /usr/lib/x86_64-linux-gnu/libgcc_s.so.1
7f7135e82000-7f7135e94000 r-xp 00003000 103:02 14950225                  /usr/lib/x86_64-linux-gnu/libgcc_s.so.1
7f7135e94000-7f7135e98000 r--p 00015000 103:02 14950225                  /usr/lib/x86_64-linux-gnu/libgcc_s.so.1
7f7135e98000-7f7135e99000 r--p 00018000 103:02 14950225                  /usr/lib/x86_64-linux-gnu/libgcc_s.so.1
7f7135e99000-7f7135e9a000 rw-p 00019000 103:02 14950225                  /usr/lib/x86_64-linux-gnu/libgcc_s.so.1
7f7135e9a000-7f7135ea7000 r--p 00000000 103:02 14944450                  /usr/lib/x86_64-linux-gnu/libm-2.31.so
7f7135ea7000-7f7135f4e000 r-xp 0000d000 103:02 14944450                  /usr/lib/x86_64-linux-gnu/libm-2.31.so
7f7135f4e000-7f7135fe7000 r--p 000b4000 103:02 14944450                  /usr/lib/x86_64-linux-gnu/libm-2.31.so
7f7135fe7000-7f7135fe8000 r--p 0014c000 103:02 14944450                  /usr/lib/x86_64-linux-gnu/libm-2.31.so
7f7135fe8000-7f7135fe9000 rw-p 0014d000 103:02 14944450                  /usr/lib/x86_64-linux-gnu/libm-2.31.so
7f7135fe9000-7f713607f000 r--p 00000000 103:02 14951095                  /usr/lib/x86_64-linux-gnu/libstdc++.so.6.0.28
7f713607f000-7f7136170000 r-xp 00096000 103:02 14951095                  /usr/lib/x86_64-linux-gnu/libstdc++.so.6.0.28
7f7136170000-7f71361b9000 r--p 00187000 103:02 14951095                  /usr/lib/x86_64-linux-gnu/libstdc++.so.6.0.28
7f71361b9000-7f71361ba000 ---p 001d0000 103:02 14951095                  /usr/lib/x86_64-linux-gnu/libstdc++.so.6.0.28
7f71361ba000-7f71361c5000 r--p 001d0000 103:02 14951095                  /usr/lib/x86_64-linux-gnu/libstdc++.so.6.0.28
7f71361c5000-7f71361c8000 rw-p 001db000 103:02 14951095                  /usr/lib/x86_64-linux-gnu/libstdc++.so.6.0.28
7f71361c8000-7f71361cb000 rw-p 00000000 00:00 0 
7f71361cb000-7f713644d000 r--p 00000000 103:02 15078679                  /usr/lib/jvm/java-11-openjdk-amd64/lib/server/libjvm.so
7f713644d000-7f71370d2000 r-xp 00282000 103:02 15078679                  /usr/lib/jvm/java-11-openjdk-amd64/lib/server/libjvm.so
7f71370d2000-7f713732e000 r--p 00f07000 103:02 15078679                  /usr/lib/jvm/java-11-openjdk-amd64/lib/server/libjvm.so
7f713732e000-7f71373f2000 r--p 01162000 103:02 15078679                  /usr/lib/jvm/java-11-openjdk-amd64/lib/server/libjvm.so
7f71373f2000-7f713742d000 rw-p 01226000 103:02 15078679                  /usr/lib/jvm/java-11-openjdk-amd64/lib/server/libjvm.so
7f713742d000-7f7137486000 rw-p 00000000 00:00 0 
7f7137486000-7f713748c000 r--p 00000000 103:02 14944461                  /usr/lib/x86_64-linux-gnu/libpthread-2.31.so
7f713748c000-7f713749d000 r-xp 00006000 103:02 14944461                  /usr/lib/x86_64-linux-gnu/libpthread-2.31.so
7f713749d000-7f71374a3000 r--p 00017000 103:02 14944461                  /usr/lib/x86_64-linux-gnu/libpthread-2.31.so
7f71374a3000-7f71374a4000 r--p 0001c000 103:02 14944461                  /usr/lib/x86_64-linux-gnu/libpthread-2.31.so
7f71374a4000-7f71374a5000 rw-p 0001d000 103:02 14944461                  /usr/lib/x86_64-linux-gnu/libpthread-2.31.so
7f71374a5000-7f71374a9000 rw-p 00000000 00:00 0 
7f71374a9000-7f71374aa000 r--p 00000000 103:02 14944449                  /usr/lib/x86_64-linux-gnu/libdl-2.31.so
7f71374aa000-7f71374ac000 r-xp 00001000 103:02 14944449                  /usr/lib/x86_64-linux-gnu/libdl-2.31.so
7f71374ac000-7f71374ad000 r--p 00003000 103:02 14944449                  /usr/lib/x86_64-linux-gnu/libdl-2.31.so
7f71374ad000-7f71374ae000 r--p 00003000 103:02 14944449                  /usr/lib/x86_64-linux-gnu/libdl-2.31.so
7f71374ae000-7f71374af000 rw-p 00004000 103:02 14944449                  /usr/lib/x86_64-linux-gnu/libdl-2.31.so
7f71374af000-7f71374b1000 r--p 00000000 103:02 14951374                  /usr/lib/x86_64-linux-gnu/libz.so.1.2.11
7f71374b1000-7f71374c2000 r-xp 00002000 103:02 14951374                  /usr/lib/x86_64-linux-gnu/libz.so.1.2.11
7f71374c2000-7f71374c8000 r--p 00013000 103:02 14951374                  /usr/lib/x86_64-linux-gnu/libz.so.1.2.11
7f71374c8000-7f71374c9000 ---p 00019000 103:02 14951374                  /usr/lib/x86_64-linux-gnu/libz.so.1.2.11
7f71374c9000-7f71374ca000 r--p 00019000 103:02 14951374                  /usr/lib/x86_64-linux-gnu/libz.so.1.2.11
7f71374ca000-7f71374cb000 rw-p 0001a000 103:02 14951374                  /usr/lib/x86_64-linux-gnu/libz.so.1.2.11
7f71374cb000-7f71374ed000 r--p 00000000 103:02 14944448                  /usr/lib/x86_64-linux-gnu/libc-2.31.so
7f71374ed000-7f7137665000 r-xp 00022000 103:02 14944448                  /usr/lib/x86_64-linux-gnu/libc-2.31.so
7f7137665000-7f71376b3000 r--p 0019a000 103:02 14944448                  /usr/lib/x86_64-linux-gnu/libc-2.31.so
7f71376b3000-7f71376b7000 r--p 001e7000 103:02 14944448                  /usr/lib/x86_64-linux-gnu/libc-2.31.so
7f71376b7000-7f71376b9000 rw-p 001eb000 103:02 14944448                  /usr/lib/x86_64-linux-gnu/libc-2.31.so
7f71376b9000-7f71376bd000 rw-p 00000000 00:00 0 
7f71376bd000-7f71376bf000 r--s 0000c000 103:02 395257                    /usr/share/java/java-atk-wrapper.jar
7f71376bf000-7f71376c0000 ---p 00000000 00:00 0 
7f71376c0000-7f71376c1000 r--p 00000000 00:00 0 
7f71376c1000-7f71376c3000 r--p 00000000 103:02 15078658                  /usr/lib/jvm/java-11-openjdk-amd64/lib/libjimage.so
7f71376c3000-7f71376c6000 r-xp 00002000 103:02 15078658                  /usr/lib/jvm/java-11-openjdk-amd64/lib/libjimage.so
7f71376c6000-7f71376c7000 r--p 00005000 103:02 15078658                  /usr/lib/jvm/java-11-openjdk-amd64/lib/libjimage.so
7f71376c7000-7f71376c8000 ---p 00006000 103:02 15078658                  /usr/lib/jvm/java-11-openjdk-amd64/lib/libjimage.so
7f71376c8000-7f71376c9000 r--p 00006000 103:02 15078658                  /usr/lib/jvm/java-11-openjdk-amd64/lib/libjimage.so
7f71376c9000-7f71376ca000 rw-p 00007000 103:02 15078658                  /usr/lib/jvm/java-11-openjdk-amd64/lib/libjimage.so
7f71376ca000-7f71376cf000 r--p 00000000 103:02 15078674                  /usr/lib/jvm/java-11-openjdk-amd64/lib/libverify.so
7f71376cf000-7f71376d6000 r-xp 00005000 103:02 15078674                  /usr/lib/jvm/java-11-openjdk-amd64/lib/libverify.so
7f71376d6000-7f71376d8000 r--p 0000c000 103:02 15078674                  /usr/lib/jvm/java-11-openjdk-amd64/lib/libverify.so
7f71376d8000-7f71376d9000 ---p 0000e000 103:02 15078674                  /usr/lib/jvm/java-11-openjdk-amd64/lib/libverify.so
7f71376d9000-7f71376db000 r--p 0000e000 103:02 15078674                  /usr/lib/jvm/java-11-openjdk-amd64/lib/libverify.so
7f71376db000-7f71376dc000 rw-p 00010000 103:02 15078674                  /usr/lib/jvm/java-11-openjdk-amd64/lib/libverify.so
7f71376dc000-7f71376df000 r--p 00000000 103:02 15078640                  /usr/lib/jvm/java-11-openjdk-amd64/lib/jli/libjli.so
7f71376df000-7f71376e9000 r-xp 00003000 103:02 15078640                  /usr/lib/jvm/java-11-openjdk-amd64/lib/jli/libjli.so
7f71376e9000-7f71376ec000 r--p 0000d000 103:02 15078640                  /usr/lib/jvm/java-11-openjdk-amd64/lib/jli/libjli.so
7f71376ec000-7f71376ed000 ---p 00010000 103:02 15078640                  /usr/lib/jvm/java-11-openjdk-amd64/lib/jli/libjli.so
7f71376ed000-7f71376ee000 r--p 00010000 103:02 15078640                  /usr/lib/jvm/java-11-openjdk-amd64/lib/jli/libjli.so
7f71376ee000-7f71376ef000 rw-p 00011000 103:02 15078640                  /usr/lib/jvm/java-11-openjdk-amd64/lib/jli/libjli.so
7f71376ef000-7f71376f1000 rw-p 00000000 00:00 0 
7f71376f1000-7f71376f2000 r--p 00000000 103:02 14944441                  /usr/lib/x86_64-linux-gnu/ld-2.31.so
7f71376f2000-7f7137715000 r-xp 00001000 103:02 14944441                  /usr/lib/x86_64-linux-gnu/ld-2.31.so
7f7137715000-7f713771d000 r--p 00024000 103:02 14944441                  /usr/lib/x86_64-linux-gnu/ld-2.31.so
7f713771e000-7f713771f000 r--p 0002c000 103:02 14944441                  /usr/lib/x86_64-linux-gnu/ld-2.31.so
7f713771f000-7f7137720000 rw-p 0002d000 103:02 14944441                  /usr/lib/x86_64-linux-gnu/ld-2.31.so
7f7137720000-7f7137721000 rw-p 00000000 00:00 0 
7ffeaa92e000-7ffeaa94f000 rw-p 00000000 00:00 0                          [stack]
7ffeaa9be000-7ffeaa9c2000 r--p 00000000 00:00 0                          [vvar]
7ffeaa9c2000-7ffeaa9c4000 r-xp 00000000 00:00 0                          [vdso]
ffffffffff600000-ffffffffff601000 --xp 00000000 00:00 0                  [vsyscall]


VM Arguments:
jvm_args: -Xmx30g -Xms30g -Xss1g 
java_command: tw.heuristic.MainDecomposer -s 42
java_class_path (initial): .
Launcher Type: SUN_STANDARD

[Global flags]
     intx CICompilerCount                          = 4                                         {product} {ergonomic}
     uint ConcGCThreads                            = 2                                         {product} {ergonomic}
     uint G1ConcRefinementThreads                  = 8                                         {product} {ergonomic}
   size_t G1HeapRegionSize                         = 8388608                                   {product} {ergonomic}
    uintx GCDrainStackTargetSize                   = 64                                        {product} {ergonomic}
   size_t InitialHeapSize                          = 32212254720                               {product} {command line}
   size_t MarkStackSize                            = 4194304                                   {product} {ergonomic}
   size_t MaxHeapSize                              = 32212254720                               {product} {command line}
   size_t MinHeapDeltaBytes                        = 8388608                                   {product} {ergonomic}
    uintx NonNMethodCodeHeapSize                   = 5836300                                {pd product} {ergonomic}
    uintx NonProfiledCodeHeapSize                  = 122910970                              {pd product} {ergonomic}
    uintx ProfiledCodeHeapSize                     = 122910970                              {pd product} {ergonomic}
    uintx ReservedCodeCacheSize                    = 251658240                              {pd product} {ergonomic}
     bool SegmentedCodeCache                       = true                                      {product} {ergonomic}
     intx ThreadStackSize                          = 1048576                                {pd product} {command line}
     bool UseCompressedClassPointers               = true                                 {lp64_product} {ergonomic}
     bool UseCompressedOops                        = true                                 {lp64_product} {ergonomic}
     bool UseG1GC                                  = true                                      {product} {ergonomic}

Logging:
Log output configuration:
 #0: stdout all=warning uptime,level,tags
 #1: stderr all=off uptime,level,tags

Environment Variables:
PATH=/home/cameron/Software/miniconda3/condabin:/home/cameron/.local/bin:/home/cameron/.local/bin:/usr/local/sbin:/usr/local/bin:/usr/sbin:/usr/bin:/sbin:/bin:/usr/games:/usr/local/games:/snap/bin:/home/cameron/Software/julia/julia/bin/
SHELL=/bin/bash
DISPLAY=:0
LANG=en_US.UTF-8

Signal Handlers:
SIGSEGV: [libjvm.so+0xe94ce0], sa_mask[0]=11111111011111111101111111111110, sa_flags=SA_RESTART|SA_SIGINFO
SIGBUS: [libjvm.so+0xe94ce0], sa_mask[0]=11111111011111111101111111111110, sa_flags=SA_RESTART|SA_SIGINFO
SIGFPE: [libjvm.so+0xe94ce0], sa_mask[0]=11111111011111111101111111111110, sa_flags=SA_RESTART|SA_SIGINFO
SIGPIPE: [libjvm.so+0xbdc900], sa_mask[0]=11111111011111111101111111111110, sa_flags=SA_RESTART|SA_SIGINFO
SIGXFSZ: [libjvm.so+0xbdc900], sa_mask[0]=11111111011111111101111111111110, sa_flags=SA_RESTART|SA_SIGINFO
SIGILL: [libjvm.so+0xe94ce0], sa_mask[0]=11111111011111111101111111111110, sa_flags=SA_RESTART|SA_SIGINFO
SIGUSR2: [libjvm.so+0xbdc7a0], sa_mask[0]=00000000000000000000000000000000, sa_flags=SA_RESTART|SA_SIGINFO
SIGHUP: SIG_DFL, sa_mask[0]=00000000000000000000000000000000, sa_flags=none
SIGINT: SIG_IGN, sa_mask[0]=00000000000000000000000000000000, sa_flags=none
SIGTERM: SIG_DFL, sa_mask[0]=00000000000000000000000000000000, sa_flags=none
SIGQUIT: SIG_IGN, sa_mask[0]=00000000000000000000000000000000, sa_flags=none


---------------  S Y S T E M  ---------------

OS:DISTRIB_ID=Ubuntu
DISTRIB_RELEASE=20.04
DISTRIB_CODENAME=focal
DISTRIB_DESCRIPTION="Ubuntu 20.04.4 LTS"
uname:Linux 5.13.0-35-generic #40~20.04.1-Ubuntu SMP Mon Mar 7 09:18:32 UTC 2022 x86_64
OS uptime: 0 days 0:02 hours
libc:glibc 2.31 NPTL 2.31 
rlimit (soft/hard): STACK 8192k/infinity , CORE 0k/infinity , NPROC 30071/30071 , NOFILE 1048576/1048576 , AS infinity/infinity , CPU infinity/infinity , DATA infinity/infinity , FSIZE infinity/infinity , MEMLOCK 65536k/65536k
load average:0.34 0.23 0.10

/proc/meminfo:
MemTotal:        7804548 kB
MemFree:         6105808 kB
MemAvailable:    6784296 kB
Buffers:          135892 kB
Cached:           870360 kB
SwapCached:            0 kB
Active:           359548 kB
Inactive:         850256 kB
Active(anon):       1508 kB
Inactive(anon):   379476 kB
Active(file):     358040 kB
Inactive(file):   470780 kB
Unevictable:      162212 kB
Mlocked:               0 kB
SwapTotal:       2097148 kB
SwapFree:        2097148 kB
Dirty:               228 kB
Writeback:             0 kB
AnonPages:        366004 kB
Mapped:           310252 kB
Shmem:            177204 kB
KReclaimable:     154952 kB
Slab:             230848 kB
SReclaimable:     154952 kB
SUnreclaim:        75896 kB
KernelStack:        5868 kB
PageTables:        11700 kB
NFS_Unstable:          0 kB
Bounce:                0 kB
WritebackTmp:          0 kB
CommitLimit:     5999420 kB
Committed_AS:    3127796 kB
VmallocTotal:   34359738367 kB
VmallocUsed:       27748 kB
VmallocChunk:          0 kB
Percpu:             5472 kB
HardwareCorrupted:     0 kB
AnonHugePages:         0 kB
ShmemHugePages:        0 kB
ShmemPmdMapped:        0 kB
FileHugePages:         0 kB
FilePmdMapped:         0 kB
HugePages_Total:       0
HugePages_Free:        0
HugePages_Rsvd:        0
HugePages_Surp:        0
Hugepagesize:       2048 kB
Hugetlb:               0 kB
DirectMap4k:      187728 kB
DirectMap2M:     3667968 kB
DirectMap1G:     4194304 kB

/sys/kernel/mm/transparent_hugepage/enabled:
always [madvise] never
/sys/kernel/mm/transparent_hugepage/defrag (defrag/compaction efforts parameter):
always defer defer+madvise [madvise] never

Process Memory:
Virtual Size: 2944968K (peak: 34426792K)
Resident Set Size: 16224K (peak: 16224K) (anon: 2912K, file: 13312K, shmem: 0K)
Swapped out: 0K
C-Heap outstanding allocations: 725K

/proc/sys/kernel/threads-max (system-wide limit on the number of threads):
60143
/proc/sys/vm/max_map_count (maximum number of memory map areas a process may have):
65530
/proc/sys/kernel/pid_max (system-wide limit on number of process identifiers):
4194304

container (cgroup) information:
container_type: cgroupv1
cpu_cpuset_cpus: 0-7
cpu_memory_nodes: 0
active_processor_count: 8
cpu_quota: -1
cpu_period: 100000
cpu_shares: -1
memory_limit_in_bytes: -1
memory_and_swap_limit_in_bytes: -1
memory_soft_limit_in_bytes: -1
memory_usage_in_bytes: 808841216
memory_max_usage_in_bytes: 940716032

Steal ticks since vm start: 0
Steal ticks percentage since vm start:  0.000

CPU:total 8 (initial active 8) (4 cores per cpu, 2 threads per core) family 6 model 142 stepping 11 microcode 0xea, cmov, cx8, fxsr, mmx, sse, sse2, sse3, ssse3, sse4.1, sse4.2, popcnt, avx, avx2, aes, clmul, erms, 3dnowpref, lzcnt, ht, tsc, tscinvbit, bmi1, bmi2, adx, fma
CPU Model and flags from /proc/cpuinfo:
model name	: Intel(R) Core(TM) i5-8265U CPU @ 1.60GHz
flags		: fpu vme de pse tsc msr pae mce cx8 apic sep mtrr pge mca cmov pat pse36 clflush dts acpi mmx fxsr sse sse2 ss ht tm pbe syscall nx pdpe1gb rdtscp lm constant_tsc art arch_perfmon pebs bts rep_good nopl xtopology nonstop_tsc cpuid aperfmperf pni pclmulqdq dtes64 monitor ds_cpl vmx est tm2 ssse3 sdbg fma cx16 xtpr pdcm pcid sse4_1 sse4_2 x2apic movbe popcnt tsc_deadline_timer aes xsave avx f16c rdrand lahf_lm abm 3dnowprefetch cpuid_fault epb invpcid_single ssbd ibrs ibpb stibp tpr_shadow vnmi flexpriority ept vpid ept_ad fsgsbase tsc_adjust sgx bmi1 avx2 smep bmi2 erms invpcid mpx rdseed adx smap clflushopt intel_pt xsaveopt xsavec xgetbv1 xsaves dtherm ida arat pln pts hwp hwp_notify hwp_act_window hwp_epp md_clear flush_l1d arch_capabilities
Online cpus:
0-7
Offline cpus:

BIOS frequency limitation:
<Not Available>
Frequency switch latency (ns):
0
Available cpu frequencies:
<Not Available>
Current governor:
powersave
Core performance/turbo boost:
<Not Available>

Memory: 4k page, physical 7804548k(6105808k free), swap 2097148k(2097148k free)

vm_info: OpenJDK 64-Bit Server VM (11.0.14+9-Ubuntu-0ubuntu2.20.04) for linux-amd64 JRE (11.0.14+9-Ubuntu-0ubuntu2.20.04), built on Jan 25 2022 14:03:04 by "unknown" with gcc 9.3.0

END.
