#
# There is insufficient memory for the Java Runtime Environment to continue.
# Native memory allocation (mmap) failed to map 32212254720 bytes for committing reserved memory.
# Possible reasons:
#   The system is out of physical RAM or swap space
#   The process is running with CompressedOops enabled, and the Java Heap may be blocking the growth of the native heap
# Possible solutions:
#   Reduce memory load on the system
#   Increase physical memory or swap space
#   Check if swap backing store is full
#   Decrease Java heap size (-Xmx/-Xms)
#   Decrease number of Java threads
#   Decrease Java thread stack sizes (-Xss)
#   Set larger code cache with -XX:ReservedCodeCacheSize=
# This output file may be truncated or incomplete.
#
#  Out of Memory Error (os_linux.cpp:3007), pid=557957, tid=557958
#
# JRE version:  (11.0.14+9) (build )
# Java VM: OpenJDK 64-Bit Server VM (11.0.14+9-Ubuntu-0ubuntu2.20.04, mixed mode, sharing, tiered, compressed oops, g1 gc, linux-amd64)
# Core dump will be written. Default location: Core dumps may be processed with "/usr/share/apport/apport %p %s %c %d %P %E" (or dumping to /home/cameron/Work/LinearOrdering.jl/graphs/core.557957)
#

---------------  S U M M A R Y ------------

Command Line: -Xmx30g -Xms30g -Xss1g tw.heuristic.MainDecomposer -s 42

Host: Intel(R) Core(TM) i5-8265U CPU @ 1.60GHz, 8 cores, 7G, Ubuntu 20.04.4 LTS
Time: Fri Mar 18 13:18:01 2022 EDT elapsed time: 0.057920 seconds (0d 0h 0m 0s)

---------------  T H R E A D  ---------------

Current thread (0x00007f20c0016800):  JavaThread "Unknown thread" [_thread_in_vm, id=557958, stack(0x00007f20c44f0000,0x00007f21044f1000)]

Stack: [0x00007f20c44f0000,0x00007f21044f1000],  sp=0x00007f21044ef210,  free space=1048572k
Native frames: (J=compiled Java code, A=aot compiled Java code, j=interpreted, Vv=VM code, C=native code)
V  [libjvm.so+0xe93d09]
V  [libjvm.so+0xe94c81]
V  [libjvm.so+0x676cea]
V  [libjvm.so+0xbe1a80]
V  [libjvm.so+0xbd7fc1]
V  [libjvm.so+0x790982]
V  [libjvm.so+0x790d70]
V  [libjvm.so+0x79bfa7]
V  [libjvm.so+0x81d688]
V  [libjvm.so+0x81e2a8]
V  [libjvm.so+0x81e8de]
V  [libjvm.so+0x749c66]
V  [libjvm.so+0x74a372]
V  [libjvm.so+0xe53796]
V  [libjvm.so+0xe53a5a]
V  [libjvm.so+0x83cc6c]
V  [libjvm.so+0xe2ba5b]
V  [libjvm.so+0x8ee8c5]  JNI_CreateJavaVM+0x55
C  [libjli.so+0x4daf]
C  [libjli.so+0x9cdd]


---------------  P R O C E S S  ---------------

Threads class SMR info:
_java_thread_list=0x000055adfd1e5060, length=0, elements={
}

Java Threads: ( => current thread )

Other Threads:
  0x00007f20c002e800 GCTaskThread "GC Thread#0" [stack: 0x00007f20c41af000,0x00007f20c42af000] [id=557959]
  0x00007f20c006e000 ConcurrentGCThread "G1 Main Marker" [stack: 0x00007f205ca08000,0x00007f205cb08000] [id=557960]
  0x00007f20c006f800 ConcurrentGCThread "G1 Conc#0" [stack: 0x00007f205c906000,0x00007f205ca06000] [id=557961]

[error occurred during error reporting (printing all threads), id 0xb, SIGSEGV (0xb) at pc=0x00007f2104fa46a4]

VM state:not at safepoint (not fully initialized)

VM Mutex/Monitor currently owned by a thread:  ([mutex/lock_event])
[0x00007f20c0013c00] Heap_lock - owner thread: 0x00007f20c0016800

Heap address: 0x0000000080000000, size: 30720 MB, Compressed Oops mode: Non-zero based: 0x0000000080000000
Narrow klass base: 0x0000000000000000, Narrow klass shift: 0

GC Heap History (0 events):
No events

Deoptimization events (0 events):
No events

Classes redefined (0 events):
No events

Internal exceptions (0 events):
No events

Events (2 events):
Event: 0.004 Protecting memory [0x00007f20c44f0000,0x00007f20c44f4000] with protection modes 0
Event: 0.005 Loaded shared library /usr/lib/jvm/java-11-openjdk-amd64/lib/libzip.so


Dynamic libraries:
55adfb3b7000-55adfb3b8000 r--p 00000000 103:02 15078591                  /usr/lib/jvm/java-11-openjdk-amd64/bin/java
55adfb3b8000-55adfb3b9000 r-xp 00001000 103:02 15078591                  /usr/lib/jvm/java-11-openjdk-amd64/bin/java
55adfb3b9000-55adfb3ba000 r--p 00002000 103:02 15078591                  /usr/lib/jvm/java-11-openjdk-amd64/bin/java
55adfb3ba000-55adfb3bb000 r--p 00002000 103:02 15078591                  /usr/lib/jvm/java-11-openjdk-amd64/bin/java
55adfb3bb000-55adfb3bc000 rw-p 00003000 103:02 15078591                  /usr/lib/jvm/java-11-openjdk-amd64/bin/java
55adfd1cd000-55adfd1ee000 rw-p 00000000 00:00 0                          [heap]
7f2050000000-7f2050021000 rw-p 00000000 00:00 0 
7f2050021000-7f2054000000 ---p 00000000 00:00 0 
7f2056000000-7f2058000000 rw-p 00000000 00:00 0 
7f2058000000-7f2058021000 rw-p 00000000 00:00 0 
7f2058021000-7f205c000000 ---p 00000000 00:00 0 
7f205c0fc000-7f205c904000 rw-p 00000000 00:00 0 
7f205c904000-7f205c905000 ---p 00000000 00:00 0 
7f205c905000-7f205ca06000 rw-p 00000000 00:00 0 
7f205ca06000-7f205ca07000 ---p 00000000 00:00 0 
7f205ca07000-7f205cc00000 rw-p 00000000 00:00 0 
7f205cc00000-7f20a4000000 ---p 00000000 00:00 0 
7f20a4000000-7f20a4021000 rw-p 00000000 00:00 0 
7f20a4021000-7f20a8000000 ---p 00000000 00:00 0 
7f20a8045000-7f20a883d000 rw-p 00000000 00:00 0 
7f20a883d000-7f20a8aad000 rwxp 00000000 00:00 0 
7f20a8aad000-7f20a8dce000 ---p 00000000 00:00 0 
7f20a8dce000-7f20a903e000 rwxp 00000000 00:00 0 
7f20a903e000-7f20b0305000 ---p 00000000 00:00 0 
7f20b0305000-7f20b0575000 rwxp 00000000 00:00 0 
7f20b0575000-7f20b783d000 ---p 00000000 00:00 0 
7f20b783d000-7f20c0000000 r--s 00000000 103:02 15078676                  /usr/lib/jvm/java-11-openjdk-amd64/lib/modules
7f20c0000000-7f20c009b000 rw-p 00000000 00:00 0 
7f20c009b000-7f20c4000000 ---p 00000000 00:00 0 
7f20c40ac000-7f20c41ad000 rw-p 00000000 00:00 0 
7f20c41ad000-7f20c41ae000 ---p 00000000 00:00 0 
7f20c41ae000-7f20c42b4000 rw-p 00000000 00:00 0 
7f20c42b4000-7f20c439a000 ---p 00000000 00:00 0 
7f20c439a000-7f20c439f000 rw-p 00000000 00:00 0 
7f20c439f000-7f20c4485000 ---p 00000000 00:00 0 
7f20c4485000-7f20c4488000 r--p 00000000 103:02 14944456                  /usr/lib/x86_64-linux-gnu/libnss_files-2.31.so
7f20c4488000-7f20c448f000 r-xp 00003000 103:02 14944456                  /usr/lib/x86_64-linux-gnu/libnss_files-2.31.so
7f20c448f000-7f20c4491000 r--p 0000a000 103:02 14944456                  /usr/lib/x86_64-linux-gnu/libnss_files-2.31.so
7f20c4491000-7f20c4492000 r--p 0000b000 103:02 14944456                  /usr/lib/x86_64-linux-gnu/libnss_files-2.31.so
7f20c4492000-7f20c4493000 rw-p 0000c000 103:02 14944456                  /usr/lib/x86_64-linux-gnu/libnss_files-2.31.so
7f20c4493000-7f20c449e000 rw-p 00000000 00:00 0 
7f20c449e000-7f20c44a5000 ---p 00000000 00:00 0 
7f20c44a5000-7f20c44a7000 r--p 00000000 103:02 15078675                  /usr/lib/jvm/java-11-openjdk-amd64/lib/libzip.so
7f20c44a7000-7f20c44ac000 r-xp 00002000 103:02 15078675                  /usr/lib/jvm/java-11-openjdk-amd64/lib/libzip.so
7f20c44ac000-7f20c44ae000 r--p 00007000 103:02 15078675                  /usr/lib/jvm/java-11-openjdk-amd64/lib/libzip.so
7f20c44ae000-7f20c44af000 r--p 00008000 103:02 15078675                  /usr/lib/jvm/java-11-openjdk-amd64/lib/libzip.so
7f20c44af000-7f20c44b0000 rw-p 00009000 103:02 15078675                  /usr/lib/jvm/java-11-openjdk-amd64/lib/libzip.so
7f20c44b0000-7f20c44b8000 rw-s 00000000 103:02 7340462                   /tmp/hsperfdata_cameron/557957
7f20c44b8000-7f20c44c6000 r--p 00000000 103:02 15078655                  /usr/lib/jvm/java-11-openjdk-amd64/lib/libjava.so
7f20c44c6000-7f20c44dc000 r-xp 0000e000 103:02 15078655                  /usr/lib/jvm/java-11-openjdk-amd64/lib/libjava.so
7f20c44dc000-7f20c44e3000 r--p 00024000 103:02 15078655                  /usr/lib/jvm/java-11-openjdk-amd64/lib/libjava.so
7f20c44e3000-7f20c44e4000 r--p 0002a000 103:02 15078655                  /usr/lib/jvm/java-11-openjdk-amd64/lib/libjava.so
7f20c44e4000-7f20c44e5000 rw-p 0002b000 103:02 15078655                  /usr/lib/jvm/java-11-openjdk-amd64/lib/libjava.so
7f20c44e5000-7f20c44e6000 rw-p 00000000 00:00 0 
7f20c44e6000-7f20c44e8000 r--p 00000000 103:02 14944463                  /usr/lib/x86_64-linux-gnu/librt-2.31.so
7f20c44e8000-7f20c44ec000 r-xp 00002000 103:02 14944463                  /usr/lib/x86_64-linux-gnu/librt-2.31.so
7f20c44ec000-7f20c44ee000 r--p 00006000 103:02 14944463                  /usr/lib/x86_64-linux-gnu/librt-2.31.so
7f20c44ee000-7f20c44ef000 r--p 00007000 103:02 14944463                  /usr/lib/x86_64-linux-gnu/librt-2.31.so
7f20c44ef000-7f20c44f0000 rw-p 00008000 103:02 14944463                  /usr/lib/x86_64-linux-gnu/librt-2.31.so
7f20c44f0000-7f20c44f4000 ---p 00000000 00:00 0 
7f20c44f4000-7f21044f1000 rw-p 00000000 00:00 0 
7f21044f1000-7f21044f4000 r--p 00000000 103:02 14950225                  /usr/lib/x86_64-linux-gnu/libgcc_s.so.1
7f21044f4000-7f2104506000 r-xp 00003000 103:02 14950225                  /usr/lib/x86_64-linux-gnu/libgcc_s.so.1
7f2104506000-7f210450a000 r--p 00015000 103:02 14950225                  /usr/lib/x86_64-linux-gnu/libgcc_s.so.1
7f210450a000-7f210450b000 r--p 00018000 103:02 14950225                  /usr/lib/x86_64-linux-gnu/libgcc_s.so.1
7f210450b000-7f210450c000 rw-p 00019000 103:02 14950225                  /usr/lib/x86_64-linux-gnu/libgcc_s.so.1
7f210450c000-7f2104519000 r--p 00000000 103:02 14944450                  /usr/lib/x86_64-linux-gnu/libm-2.31.so
7f2104519000-7f21045c0000 r-xp 0000d000 103:02 14944450                  /usr/lib/x86_64-linux-gnu/libm-2.31.so
7f21045c0000-7f2104659000 r--p 000b4000 103:02 14944450                  /usr/lib/x86_64-linux-gnu/libm-2.31.so
7f2104659000-7f210465a000 r--p 0014c000 103:02 14944450                  /usr/lib/x86_64-linux-gnu/libm-2.31.so
7f210465a000-7f210465b000 rw-p 0014d000 103:02 14944450                  /usr/lib/x86_64-linux-gnu/libm-2.31.so
7f210465b000-7f21046f1000 r--p 00000000 103:02 14951095                  /usr/lib/x86_64-linux-gnu/libstdc++.so.6.0.28
7f21046f1000-7f21047e2000 r-xp 00096000 103:02 14951095                  /usr/lib/x86_64-linux-gnu/libstdc++.so.6.0.28
7f21047e2000-7f210482b000 r--p 00187000 103:02 14951095                  /usr/lib/x86_64-linux-gnu/libstdc++.so.6.0.28
7f210482b000-7f210482c000 ---p 001d0000 103:02 14951095                  /usr/lib/x86_64-linux-gnu/libstdc++.so.6.0.28
7f210482c000-7f2104837000 r--p 001d0000 103:02 14951095                  /usr/lib/x86_64-linux-gnu/libstdc++.so.6.0.28
7f2104837000-7f210483a000 rw-p 001db000 103:02 14951095                  /usr/lib/x86_64-linux-gnu/libstdc++.so.6.0.28
7f210483a000-7f210483d000 rw-p 00000000 00:00 0 
7f210483d000-7f2104abf000 r--p 00000000 103:02 15078679                  /usr/lib/jvm/java-11-openjdk-amd64/lib/server/libjvm.so
7f2104abf000-7f2105744000 r-xp 00282000 103:02 15078679                  /usr/lib/jvm/java-11-openjdk-amd64/lib/server/libjvm.so
7f2105744000-7f21059a0000 r--p 00f07000 103:02 15078679                  /usr/lib/jvm/java-11-openjdk-amd64/lib/server/libjvm.so
7f21059a0000-7f2105a64000 r--p 01162000 103:02 15078679                  /usr/lib/jvm/java-11-openjdk-amd64/lib/server/libjvm.so
7f2105a64000-7f2105a9f000 rw-p 01226000 103:02 15078679                  /usr/lib/jvm/java-11-openjdk-amd64/lib/server/libjvm.so
7f2105a9f000-7f2105af8000 rw-p 00000000 00:00 0 
7f2105af8000-7f2105afe000 r--p 00000000 103:02 14944461                  /usr/lib/x86_64-linux-gnu/libpthread-2.31.so
7f2105afe000-7f2105b0f000 r-xp 00006000 103:02 14944461                  /usr/lib/x86_64-linux-gnu/libpthread-2.31.so
7f2105b0f000-7f2105b15000 r--p 00017000 103:02 14944461                  /usr/lib/x86_64-linux-gnu/libpthread-2.31.so
7f2105b15000-7f2105b16000 r--p 0001c000 103:02 14944461                  /usr/lib/x86_64-linux-gnu/libpthread-2.31.so
7f2105b16000-7f2105b17000 rw-p 0001d000 103:02 14944461                  /usr/lib/x86_64-linux-gnu/libpthread-2.31.so
7f2105b17000-7f2105b1b000 rw-p 00000000 00:00 0 
7f2105b1b000-7f2105b1c000 r--p 00000000 103:02 14944449                  /usr/lib/x86_64-linux-gnu/libdl-2.31.so
7f2105b1c000-7f2105b1e000 r-xp 00001000 103:02 14944449                  /usr/lib/x86_64-linux-gnu/libdl-2.31.so
7f2105b1e000-7f2105b1f000 r--p 00003000 103:02 14944449                  /usr/lib/x86_64-linux-gnu/libdl-2.31.so
7f2105b1f000-7f2105b20000 r--p 00003000 103:02 14944449                  /usr/lib/x86_64-linux-gnu/libdl-2.31.so
7f2105b20000-7f2105b21000 rw-p 00004000 103:02 14944449                  /usr/lib/x86_64-linux-gnu/libdl-2.31.so
7f2105b21000-7f2105b23000 r--p 00000000 103:02 14951374                  /usr/lib/x86_64-linux-gnu/libz.so.1.2.11
7f2105b23000-7f2105b34000 r-xp 00002000 103:02 14951374                  /usr/lib/x86_64-linux-gnu/libz.so.1.2.11
7f2105b34000-7f2105b3a000 r--p 00013000 103:02 14951374                  /usr/lib/x86_64-linux-gnu/libz.so.1.2.11
7f2105b3a000-7f2105b3b000 ---p 00019000 103:02 14951374                  /usr/lib/x86_64-linux-gnu/libz.so.1.2.11
7f2105b3b000-7f2105b3c000 r--p 00019000 103:02 14951374                  /usr/lib/x86_64-linux-gnu/libz.so.1.2.11
7f2105b3c000-7f2105b3d000 rw-p 0001a000 103:02 14951374                  /usr/lib/x86_64-linux-gnu/libz.so.1.2.11
7f2105b3d000-7f2105b5f000 r--p 00000000 103:02 14944448                  /usr/lib/x86_64-linux-gnu/libc-2.31.so
7f2105b5f000-7f2105cd7000 r-xp 00022000 103:02 14944448                  /usr/lib/x86_64-linux-gnu/libc-2.31.so
7f2105cd7000-7f2105d25000 r--p 0019a000 103:02 14944448                  /usr/lib/x86_64-linux-gnu/libc-2.31.so
7f2105d25000-7f2105d29000 r--p 001e7000 103:02 14944448                  /usr/lib/x86_64-linux-gnu/libc-2.31.so
7f2105d29000-7f2105d2b000 rw-p 001eb000 103:02 14944448                  /usr/lib/x86_64-linux-gnu/libc-2.31.so
7f2105d2b000-7f2105d2f000 rw-p 00000000 00:00 0 
7f2105d2f000-7f2105d31000 r--s 0000c000 103:02 395257                    /usr/share/java/java-atk-wrapper.jar
7f2105d31000-7f2105d32000 ---p 00000000 00:00 0 
7f2105d32000-7f2105d33000 r--p 00000000 00:00 0 
7f2105d33000-7f2105d35000 r--p 00000000 103:02 15078658                  /usr/lib/jvm/java-11-openjdk-amd64/lib/libjimage.so
7f2105d35000-7f2105d38000 r-xp 00002000 103:02 15078658                  /usr/lib/jvm/java-11-openjdk-amd64/lib/libjimage.so
7f2105d38000-7f2105d39000 r--p 00005000 103:02 15078658                  /usr/lib/jvm/java-11-openjdk-amd64/lib/libjimage.so
7f2105d39000-7f2105d3a000 ---p 00006000 103:02 15078658                  /usr/lib/jvm/java-11-openjdk-amd64/lib/libjimage.so
7f2105d3a000-7f2105d3b000 r--p 00006000 103:02 15078658                  /usr/lib/jvm/java-11-openjdk-amd64/lib/libjimage.so
7f2105d3b000-7f2105d3c000 rw-p 00007000 103:02 15078658                  /usr/lib/jvm/java-11-openjdk-amd64/lib/libjimage.so
7f2105d3c000-7f2105d41000 r--p 00000000 103:02 15078674                  /usr/lib/jvm/java-11-openjdk-amd64/lib/libverify.so
7f2105d41000-7f2105d48000 r-xp 00005000 103:02 15078674                  /usr/lib/jvm/java-11-openjdk-amd64/lib/libverify.so
7f2105d48000-7f2105d4a000 r--p 0000c000 103:02 15078674                  /usr/lib/jvm/java-11-openjdk-amd64/lib/libverify.so
7f2105d4a000-7f2105d4b000 ---p 0000e000 103:02 15078674                  /usr/lib/jvm/java-11-openjdk-amd64/lib/libverify.so
7f2105d4b000-7f2105d4d000 r--p 0000e000 103:02 15078674                  /usr/lib/jvm/java-11-openjdk-amd64/lib/libverify.so
7f2105d4d000-7f2105d4e000 rw-p 00010000 103:02 15078674                  /usr/lib/jvm/java-11-openjdk-amd64/lib/libverify.so
7f2105d4e000-7f2105d51000 r--p 00000000 103:02 15078640                  /usr/lib/jvm/java-11-openjdk-amd64/lib/jli/libjli.so
7f2105d51000-7f2105d5b000 r-xp 00003000 103:02 15078640                  /usr/lib/jvm/java-11-openjdk-amd64/lib/jli/libjli.so
7f2105d5b000-7f2105d5e000 r--p 0000d000 103:02 15078640                  /usr/lib/jvm/java-11-openjdk-amd64/lib/jli/libjli.so
7f2105d5e000-7f2105d5f000 ---p 00010000 103:02 15078640                  /usr/lib/jvm/java-11-openjdk-amd64/lib/jli/libjli.so
7f2105d5f000-7f2105d60000 r--p 00010000 103:02 15078640                  /usr/lib/jvm/java-11-openjdk-amd64/lib/jli/libjli.so
7f2105d60000-7f2105d61000 rw-p 00011000 103:02 15078640                  /usr/lib/jvm/java-11-openjdk-amd64/lib/jli/libjli.so
7f2105d61000-7f2105d63000 rw-p 00000000 00:00 0 
7f2105d63000-7f2105d64000 r--p 00000000 103:02 14944441                  /usr/lib/x86_64-linux-gnu/ld-2.31.so
7f2105d64000-7f2105d87000 r-xp 00001000 103:02 14944441                  /usr/lib/x86_64-linux-gnu/ld-2.31.so
7f2105d87000-7f2105d8f000 r--p 00024000 103:02 14944441                  /usr/lib/x86_64-linux-gnu/ld-2.31.so
7f2105d90000-7f2105d91000 r--p 0002c000 103:02 14944441                  /usr/lib/x86_64-linux-gnu/ld-2.31.so
7f2105d91000-7f2105d92000 rw-p 0002d000 103:02 14944441                  /usr/lib/x86_64-linux-gnu/ld-2.31.so
7f2105d92000-7f2105d93000 rw-p 00000000 00:00 0 
7fff6a64a000-7fff6a66b000 rw-p 00000000 00:00 0                          [stack]
7fff6a7a2000-7fff6a7a6000 r--p 00000000 00:00 0                          [vvar]
7fff6a7a6000-7fff6a7a8000 r-xp 00000000 00:00 0                          [vdso]
ffffffffff600000-ffffffffff601000 --xp 00000000 00:00 0                  [vsyscall]


VM Arguments:
jvm_args: -Xmx30g -Xms30g -Xss1g 
java_command: tw.heuristic.MainDecomposer -s 42
java_class_path (initial): .
Launcher Type: SUN_STANDARD

[Global flags]
     intx CICompilerCount                          = 4                                         {product} {ergonomic}
     uint ConcGCThreads                            = 2                                         {product} {ergonomic}
     uint G1ConcRefinementThreads                  = 8                                         {product} {ergonomic}
   size_t G1HeapRegionSize                         = 8388608                                   {product} {ergonomic}
    uintx GCDrainStackTargetSize                   = 64                                        {product} {ergonomic}
   size_t InitialHeapSize                          = 32212254720                               {product} {command line}
   size_t MarkStackSize                            = 4194304                                   {product} {ergonomic}
   size_t MaxHeapSize                              = 32212254720                               {product} {command line}
   size_t MinHeapDeltaBytes                        = 8388608                                   {product} {ergonomic}
    uintx NonNMethodCodeHeapSize                   = 5836300                                {pd product} {ergonomic}
    uintx NonProfiledCodeHeapSize                  = 122910970                              {pd product} {ergonomic}
    uintx ProfiledCodeHeapSize                     = 122910970                              {pd product} {ergonomic}
    uintx ReservedCodeCacheSize                    = 251658240                              {pd product} {ergonomic}
     bool SegmentedCodeCache                       = true                                      {product} {ergonomic}
     intx ThreadStackSize                          = 1048576                                {pd product} {command line}
     bool UseCompressedClassPointers               = true                                 {lp64_product} {ergonomic}
     bool UseCompressedOops                        = true                                 {lp64_product} {ergonomic}
     bool UseG1GC                                  = true                                      {product} {ergonomic}

Logging:
Log output configuration:
 #0: stdout all=warning uptime,level,tags
 #1: stderr all=off uptime,level,tags

Environment Variables:
PATH=/home/cameron/Software/miniconda3/condabin:/home/cameron/.local/bin:/home/cameron/.local/bin:/usr/local/sbin:/usr/local/bin:/usr/sbin:/usr/bin:/sbin:/bin:/usr/games:/usr/local/games:/snap/bin:/home/cameron/Software/julia/julia/bin/
SHELL=/bin/bash
DISPLAY=:0
LANG=en_US.UTF-8

Signal Handlers:
SIGSEGV: [libjvm.so+0xe94ce0], sa_mask[0]=11111111011111111101111111111110, sa_flags=SA_RESTART|SA_SIGINFO
SIGBUS: [libjvm.so+0xe94ce0], sa_mask[0]=11111111011111111101111111111110, sa_flags=SA_RESTART|SA_SIGINFO
SIGFPE: [libjvm.so+0xe94ce0], sa_mask[0]=11111111011111111101111111111110, sa_flags=SA_RESTART|SA_SIGINFO
SIGPIPE: [libjvm.so+0xbdc900], sa_mask[0]=11111111011111111101111111111110, sa_flags=SA_RESTART|SA_SIGINFO
SIGXFSZ: [libjvm.so+0xbdc900], sa_mask[0]=11111111011111111101111111111110, sa_flags=SA_RESTART|SA_SIGINFO
SIGILL: [libjvm.so+0xe94ce0], sa_mask[0]=11111111011111111101111111111110, sa_flags=SA_RESTART|SA_SIGINFO
SIGUSR2: [libjvm.so+0xbdc7a0], sa_mask[0]=00000000000000000000000000000000, sa_flags=SA_RESTART|SA_SIGINFO
SIGHUP: SIG_DFL, sa_mask[0]=00000000000000000000000000000000, sa_flags=none
SIGINT: SIG_IGN, sa_mask[0]=00000000000000000000000000000000, sa_flags=none
SIGTERM: SIG_DFL, sa_mask[0]=00000000000000000000000000000000, sa_flags=none
SIGQUIT: SIG_IGN, sa_mask[0]=00000000000000000000000000000000, sa_flags=none


---------------  S Y S T E M  ---------------

OS:DISTRIB_ID=Ubuntu
DISTRIB_RELEASE=20.04
DISTRIB_CODENAME=focal
DISTRIB_DESCRIPTION="Ubuntu 20.04.4 LTS"
uname:Linux 5.13.0-30-generic #33~20.04.1-Ubuntu SMP Mon Feb 7 14:25:10 UTC 2022 x86_64
OS uptime: 21 days 2:26 hours
libc:glibc 2.31 NPTL 2.31 
rlimit (soft/hard): STACK 8192k/infinity , CORE 0k/infinity , NPROC 30071/30071 , NOFILE 1048576/1048576 , AS infinity/infinity , CPU infinity/infinity , DATA infinity/infinity , FSIZE infinity/infinity , MEMLOCK 65536k/65536k
load average:2.11 2.26 2.33

/proc/meminfo:
MemTotal:        7804548 kB
MemFree:         1862400 kB
MemAvailable:    2823412 kB
Buffers:          106116 kB
Cached:          2634200 kB
SwapCached:        95392 kB
Active:          1158320 kB
Inactive:        3076988 kB
Active(anon):     576988 kB
Inactive(anon):  2534788 kB
Active(file):     581332 kB
Inactive(file):   542200 kB
Unevictable:     1271220 kB
Mlocked:             596 kB
SwapTotal:       2097148 kB
SwapFree:         751588 kB
Dirty:              1672 kB
Writeback:             0 kB
AnonPages:       2670996 kB
Mapped:           508476 kB
Shmem:           1616784 kB
KReclaimable:     130572 kB
Slab:             271108 kB
SReclaimable:     130572 kB
SUnreclaim:       140536 kB
KernelStack:       16428 kB
PageTables:        41152 kB
NFS_Unstable:          0 kB
Bounce:                0 kB
WritebackTmp:          0 kB
CommitLimit:     5999420 kB
Committed_AS:   14378584 kB
VmallocTotal:   34359738367 kB
VmallocUsed:       51684 kB
VmallocChunk:          0 kB
Percpu:             7584 kB
HardwareCorrupted:     0 kB
AnonHugePages:         0 kB
ShmemHugePages:        0 kB
ShmemPmdMapped:        0 kB
FileHugePages:         0 kB
FilePmdMapped:         0 kB
HugePages_Total:       0
HugePages_Free:        0
HugePages_Rsvd:        0
HugePages_Surp:        0
Hugepagesize:       2048 kB
Hugetlb:               0 kB
DirectMap4k:      931152 kB
DirectMap2M:     7118848 kB
DirectMap1G:           0 kB

/sys/kernel/mm/transparent_hugepage/enabled:
always [madvise] never
/sys/kernel/mm/transparent_hugepage/defrag (defrag/compaction efforts parameter):
always defer defer+madvise [madvise] never

Process Memory:
Virtual Size: 2944968K (peak: 34426792K)
Resident Set Size: 16424K (peak: 16424K) (anon: 2932K, file: 13492K, shmem: 0K)
Swapped out: 0K
C-Heap outstanding allocations: 725K

/proc/sys/kernel/threads-max (system-wide limit on the number of threads):
60143
/proc/sys/vm/max_map_count (maximum number of memory map areas a process may have):
65530
/proc/sys/kernel/pid_max (system-wide limit on number of process identifiers):
4194304

container (cgroup) information:
container_type: cgroupv1
cpu_cpuset_cpus: 0-7
cpu_memory_nodes: 0
active_processor_count: 8
cpu_quota: -1
cpu_period: 100000
cpu_shares: -1
memory_limit_in_bytes: -1
memory_and_swap_limit_in_bytes: -1
memory_soft_limit_in_bytes: -1
memory_usage_in_bytes: 5365825536
memory_max_usage_in_bytes: 7443951616

Steal ticks since vm start: 0
Steal ticks percentage since vm start:  0.000

CPU:total 8 (initial active 8) (4 cores per cpu, 2 threads per core) family 6 model 142 stepping 11 microcode 0xea, cmov, cx8, fxsr, mmx, sse, sse2, sse3, ssse3, sse4.1, sse4.2, popcnt, avx, avx2, aes, clmul, erms, 3dnowpref, lzcnt, ht, tsc, tscinvbit, bmi1, bmi2, adx, fma
CPU Model and flags from /proc/cpuinfo:
model name	: Intel(R) Core(TM) i5-8265U CPU @ 1.60GHz
flags		: fpu vme de pse tsc msr pae mce cx8 apic sep mtrr pge mca cmov pat pse36 clflush dts acpi mmx fxsr sse sse2 ss ht tm pbe syscall nx pdpe1gb rdtscp lm constant_tsc art arch_perfmon pebs bts rep_good nopl xtopology nonstop_tsc cpuid aperfmperf pni pclmulqdq dtes64 monitor ds_cpl vmx est tm2 ssse3 sdbg fma cx16 xtpr pdcm pcid sse4_1 sse4_2 x2apic movbe popcnt tsc_deadline_timer aes xsave avx f16c rdrand lahf_lm abm 3dnowprefetch cpuid_fault epb invpcid_single ssbd ibrs ibpb stibp tpr_shadow vnmi flexpriority ept vpid ept_ad fsgsbase tsc_adjust sgx bmi1 avx2 smep bmi2 erms invpcid mpx rdseed adx smap clflushopt intel_pt xsaveopt xsavec xgetbv1 xsaves dtherm ida arat pln pts hwp hwp_notify hwp_act_window hwp_epp md_clear flush_l1d arch_capabilities
Online cpus:
0-7
Offline cpus:

BIOS frequency limitation:
<Not Available>
Frequency switch latency (ns):
0
Available cpu frequencies:
<Not Available>
Current governor:
powersave
Core performance/turbo boost:
<Not Available>

Memory: 4k page, physical 7804548k(1862400k free), swap 2097148k(751588k free)

vm_info: OpenJDK 64-Bit Server VM (11.0.14+9-Ubuntu-0ubuntu2.20.04) for linux-amd64 JRE (11.0.14+9-Ubuntu-0ubuntu2.20.04), built on Jan 25 2022 14:03:04 by "unknown" with gcc 9.3.0

END.
